{"uid":"b92f77a338936a98","name":"Verify user logs in and navigates to Amazon website","fullName":"Verify boAT wireless headphone is added to the cart: Verify user logs in and navigates to Amazon website","historyId":"670fe7bbd7472c63f78ee5c45f901c98","time":{"start":1692688925092,"stop":1692688939113,"duration":14021},"status":"broken","statusMessage":"selenium.common.exceptions.StaleElementReferenceException: Message: stale element reference: stale element not found\n  (Session info: chrome=115.0.5790.173); For documentation on this error, please visit: https://www.selenium.dev/documentation/webdriver/troubleshooting/errors#stale-element-reference-exception\nStacktrace:\nBacktrace:\n\tGetHandleVerifier [0x00007FF6D6424A62+57106]\n\t(No symbol) [0x00007FF6D639CF52]\n\t(No symbol) [0x00007FF6D626E2CB]\n\t(No symbol) [0x00007FF6D62722B2]\n\t(No symbol) [0x00007FF6D6273C5F]\n\t(No symbol) [0x00007FF6D6273D50]\n\t(No symbol) [0x00007FF6D62A954C]\n\t(No symbol) [0x00007FF6D62A8741]\n\t(No symbol) [0x00007FF6D629EE2F]\n\t(No symbol) [0x00007FF6D62C69BA]\n\t(No symbol) [0x00007FF6D629E746]\n\t(No symbol) [0x00007FF6D62C6BD0]\n\t(No symbol) [0x00007FF6D62DE522]\n\t(No symbol) [0x00007FF6D62C6793]\n\t(No symbol) [0x00007FF6D629CE81]\n\t(No symbol) [0x00007FF6D629E064]\n\tGetHandleVerifier [0x00007FF6D66D4222+2873042]\n\tGetHandleVerifier [0x00007FF6D6726590+3209792]\n\tGetHandleVerifier [0x00007FF6D671F3AF+3180639]\n\tGetHandleVerifier [0x00007FF6D64B5F25+652245]\n\t(No symbol) [0x00007FF6D63A8618]\n\t(No symbol) [0x00007FF6D63A47C4]\n\t(No symbol) [0x00007FF6D63A48BC]\n\t(No symbol) [0x00007FF6D6394C33]\n\tBaseThreadInitThunk [0x00007FF95D0B55A0+16]\n\tRtlUserThreadStart [0x00007FF95E64485B+43]\n\n","statusTrace":"  File \"C:\\Users\\Spillibo\\PycharmProjects\\Project-1_Amazon_page\\venv\\lib\\site-packages\\behave\\model.py\", line 1329, in run\n    match.run(runner.context)\n  File \"C:\\Users\\Spillibo\\PycharmProjects\\Project-1_Amazon_page\\venv\\lib\\site-packages\\behave\\matchers.py\", line 98, in run\n    self.func(context, *args, **kwargs)\n  File \"features\\steps\\steps.py\", line 98, in step_impl_enter_text_into_search_box\n    product.click()\n  File \"C:\\Users\\Spillibo\\PycharmProjects\\Project-1_Amazon_page\\venv\\lib\\site-packages\\selenium\\webdriver\\remote\\webelement.py\", line 94, in click\n    self._execute(Command.CLICK_ELEMENT)\n  File \"C:\\Users\\Spillibo\\PycharmProjects\\Project-1_Amazon_page\\venv\\lib\\site-packages\\selenium\\webdriver\\remote\\webelement.py\", line 395, in _execute\n    return self._parent.execute(command, params)\n  File \"C:\\Users\\Spillibo\\PycharmProjects\\Project-1_Amazon_page\\venv\\lib\\site-packages\\selenium\\webdriver\\remote\\webdriver.py\", line 345, in execute\n    self.error_handler.check_response(response)\n  File \"C:\\Users\\Spillibo\\PycharmProjects\\Project-1_Amazon_page\\venv\\lib\\site-packages\\selenium\\webdriver\\remote\\errorhandler.py\", line 229, in check_response\n    raise exception_class(message, screen, stacktrace)\n","flaky":false,"newFailed":false,"newBroken":false,"newPassed":false,"retriesCount":0,"retriesStatusChange":false,"beforeStages":[],"testStage":{"status":"broken","statusMessage":"selenium.common.exceptions.StaleElementReferenceException: Message: stale element reference: stale element not found\n  (Session info: chrome=115.0.5790.173); For documentation on this error, please visit: https://www.selenium.dev/documentation/webdriver/troubleshooting/errors#stale-element-reference-exception\nStacktrace:\nBacktrace:\n\tGetHandleVerifier [0x00007FF6D6424A62+57106]\n\t(No symbol) [0x00007FF6D639CF52]\n\t(No symbol) [0x00007FF6D626E2CB]\n\t(No symbol) [0x00007FF6D62722B2]\n\t(No symbol) [0x00007FF6D6273C5F]\n\t(No symbol) [0x00007FF6D6273D50]\n\t(No symbol) [0x00007FF6D62A954C]\n\t(No symbol) [0x00007FF6D62A8741]\n\t(No symbol) [0x00007FF6D629EE2F]\n\t(No symbol) [0x00007FF6D62C69BA]\n\t(No symbol) [0x00007FF6D629E746]\n\t(No symbol) [0x00007FF6D62C6BD0]\n\t(No symbol) [0x00007FF6D62DE522]\n\t(No symbol) [0x00007FF6D62C6793]\n\t(No symbol) [0x00007FF6D629CE81]\n\t(No symbol) [0x00007FF6D629E064]\n\tGetHandleVerifier [0x00007FF6D66D4222+2873042]\n\tGetHandleVerifier [0x00007FF6D6726590+3209792]\n\tGetHandleVerifier [0x00007FF6D671F3AF+3180639]\n\tGetHandleVerifier [0x00007FF6D64B5F25+652245]\n\t(No symbol) [0x00007FF6D63A8618]\n\t(No symbol) [0x00007FF6D63A47C4]\n\t(No symbol) [0x00007FF6D63A48BC]\n\t(No symbol) [0x00007FF6D6394C33]\n\tBaseThreadInitThunk [0x00007FF95D0B55A0+16]\n\tRtlUserThreadStart [0x00007FF95E64485B+43]\n\n","statusTrace":"  File \"C:\\Users\\Spillibo\\PycharmProjects\\Project-1_Amazon_page\\venv\\lib\\site-packages\\behave\\model.py\", line 1329, in run\n    match.run(runner.context)\n  File \"C:\\Users\\Spillibo\\PycharmProjects\\Project-1_Amazon_page\\venv\\lib\\site-packages\\behave\\matchers.py\", line 98, in run\n    self.func(context, *args, **kwargs)\n  File \"features\\steps\\steps.py\", line 98, in step_impl_enter_text_into_search_box\n    product.click()\n  File \"C:\\Users\\Spillibo\\PycharmProjects\\Project-1_Amazon_page\\venv\\lib\\site-packages\\selenium\\webdriver\\remote\\webelement.py\", line 94, in click\n    self._execute(Command.CLICK_ELEMENT)\n  File \"C:\\Users\\Spillibo\\PycharmProjects\\Project-1_Amazon_page\\venv\\lib\\site-packages\\selenium\\webdriver\\remote\\webelement.py\", line 395, in _execute\n    return self._parent.execute(command, params)\n  File \"C:\\Users\\Spillibo\\PycharmProjects\\Project-1_Amazon_page\\venv\\lib\\site-packages\\selenium\\webdriver\\remote\\webdriver.py\", line 345, in execute\n    self.error_handler.check_response(response)\n  File \"C:\\Users\\Spillibo\\PycharmProjects\\Project-1_Amazon_page\\venv\\lib\\site-packages\\selenium\\webdriver\\remote\\errorhandler.py\", line 229, in check_response\n    raise exception_class(message, screen, stacktrace)\n","steps":[{"name":"Given I am on the Amazon website","time":{"start":1692688925092,"stop":1692688930475,"duration":5383},"status":"passed","steps":[],"attachments":[{"uid":"e8b851f3f5ab5e9e","name":"screenshot_pass","source":"e8b851f3f5ab5e9e.png","type":"image/png","size":620315}],"parameters":[],"stepsCount":0,"hasContent":true,"attachmentsCount":1,"shouldDisplayMessage":false},{"name":"When I log in with my Amazon credentials read from excel_file","time":{"start":1692688930475,"stop":1692688935943,"duration":5468},"status":"passed","steps":[],"attachments":[{"uid":"6e74e927e670dee4","name":"screenshot_pass","source":"6e74e927e670dee4.png","type":"image/png","size":57249}],"parameters":[],"stepsCount":0,"hasContent":true,"attachmentsCount":1,"shouldDisplayMessage":false},{"name":"When I should be logged in successfully","time":{"start":1692688935943,"stop":1692688937049,"duration":1106},"status":"passed","steps":[],"attachments":[{"uid":"5ffa8b9d75ce1f8b","name":"screenshot_pass","source":"5ffa8b9d75ce1f8b.png","type":"image/png","size":1060190}],"parameters":[],"stepsCount":0,"hasContent":true,"attachmentsCount":1,"shouldDisplayMessage":false},{"name":"When I click on the All icon in the middle of the web page with the search box","time":{"start":1692688937049,"stop":1692688937745,"duration":696},"status":"passed","steps":[],"attachments":[{"uid":"b2281184d71f2770","name":"screenshot_pass","source":"b2281184d71f2770.png","type":"image/png","size":965525}],"parameters":[],"stepsCount":0,"hasContent":true,"attachmentsCount":1,"shouldDisplayMessage":false},{"name":"When I enter product name into the search box","time":{"start":1692688937745,"stop":1692688939113,"duration":1368},"status":"broken","statusMessage":"selenium.common.exceptions.StaleElementReferenceException: Message: stale element reference: stale element not found\n  (Session info: chrome=115.0.5790.173); For documentation on this error, please visit: https://www.selenium.dev/documentation/webdriver/troubleshooting/errors#stale-element-reference-exception\nStacktrace:\nBacktrace:\n\tGetHandleVerifier [0x00007FF6D6424A62+57106]\n\t(No symbol) [0x00007FF6D639CF52]\n\t(No symbol) [0x00007FF6D626E2CB]\n\t(No symbol) [0x00007FF6D62722B2]\n\t(No symbol) [0x00007FF6D6273C5F]\n\t(No symbol) [0x00007FF6D6273D50]\n\t(No symbol) [0x00007FF6D62A954C]\n\t(No symbol) [0x00007FF6D62A8741]\n\t(No symbol) [0x00007FF6D629EE2F]\n\t(No symbol) [0x00007FF6D62C69BA]\n\t(No symbol) [0x00007FF6D629E746]\n\t(No symbol) [0x00007FF6D62C6BD0]\n\t(No symbol) [0x00007FF6D62DE522]\n\t(No symbol) [0x00007FF6D62C6793]\n\t(No symbol) [0x00007FF6D629CE81]\n\t(No symbol) [0x00007FF6D629E064]\n\tGetHandleVerifier [0x00007FF6D66D4222+2873042]\n\tGetHandleVerifier [0x00007FF6D6726590+3209792]\n\tGetHandleVerifier [0x00007FF6D671F3AF+3180639]\n\tGetHandleVerifier [0x00007FF6D64B5F25+652245]\n\t(No symbol) [0x00007FF6D63A8618]\n\t(No symbol) [0x00007FF6D63A47C4]\n\t(No symbol) [0x00007FF6D63A48BC]\n\t(No symbol) [0x00007FF6D6394C33]\n\tBaseThreadInitThunk [0x00007FF95D0B55A0+16]\n\tRtlUserThreadStart [0x00007FF95E64485B+43]\n\n","statusTrace":"  File \"C:\\Users\\Spillibo\\PycharmProjects\\Project-1_Amazon_page\\venv\\lib\\site-packages\\behave\\model.py\", line 1329, in run\n    match.run(runner.context)\n  File \"C:\\Users\\Spillibo\\PycharmProjects\\Project-1_Amazon_page\\venv\\lib\\site-packages\\behave\\matchers.py\", line 98, in run\n    self.func(context, *args, **kwargs)\n  File \"features\\steps\\steps.py\", line 98, in step_impl_enter_text_into_search_box\n    product.click()\n  File \"C:\\Users\\Spillibo\\PycharmProjects\\Project-1_Amazon_page\\venv\\lib\\site-packages\\selenium\\webdriver\\remote\\webelement.py\", line 94, in click\n    self._execute(Command.CLICK_ELEMENT)\n  File \"C:\\Users\\Spillibo\\PycharmProjects\\Project-1_Amazon_page\\venv\\lib\\site-packages\\selenium\\webdriver\\remote\\webelement.py\", line 395, in _execute\n    return self._parent.execute(command, params)\n  File \"C:\\Users\\Spillibo\\PycharmProjects\\Project-1_Amazon_page\\venv\\lib\\site-packages\\selenium\\webdriver\\remote\\webdriver.py\", line 345, in execute\n    self.error_handler.check_response(response)\n  File \"C:\\Users\\Spillibo\\PycharmProjects\\Project-1_Amazon_page\\venv\\lib\\site-packages\\selenium\\webdriver\\remote\\errorhandler.py\", line 229, in check_response\n    raise exception_class(message, screen, stacktrace)\n","steps":[],"attachments":[{"uid":"eb1a96f4fe46592a","name":"screenshot_fail","source":"eb1a96f4fe46592a.png","type":"image/png","size":672661}],"parameters":[],"stepsCount":0,"hasContent":true,"attachmentsCount":1,"shouldDisplayMessage":true},{"name":"When I select required brand under the Brands section on the left scroll bar tab","time":{"start":1692688939113,"stop":1692688939113,"duration":0},"status":"skipped","steps":[],"attachments":[],"parameters":[],"stepsCount":0,"hasContent":false,"attachmentsCount":0,"shouldDisplayMessage":false},{"name":"Then I select the third product from the results","time":{"start":1692688939113,"stop":1692688939113,"duration":0},"status":"skipped","steps":[],"attachments":[],"parameters":[],"stepsCount":0,"hasContent":false,"attachmentsCount":0,"shouldDisplayMessage":false},{"name":"Then I ensure that the same product is not already added in the cart","time":{"start":1692688939113,"stop":1692688939113,"duration":0},"status":"skipped","steps":[],"attachments":[],"parameters":[],"stepsCount":0,"hasContent":false,"attachmentsCount":0,"shouldDisplayMessage":false},{"name":"Then I click on \"Add to Cart\"","time":{"start":1692688939113,"stop":1692688939113,"duration":0},"status":"skipped","steps":[],"attachments":[],"parameters":[],"stepsCount":0,"hasContent":false,"attachmentsCount":0,"shouldDisplayMessage":false},{"name":"Then only a single product should be added to the cart","time":{"start":1692688939113,"stop":1692688939113,"duration":0},"status":"skipped","steps":[],"attachments":[],"parameters":[],"stepsCount":0,"hasContent":false,"attachmentsCount":0,"shouldDisplayMessage":false},{"name":"Then I click on \"Proceed to Checkout\"","time":{"start":1692688939113,"stop":1692688939113,"duration":0},"status":"skipped","steps":[],"attachments":[],"parameters":[],"stepsCount":0,"hasContent":false,"attachmentsCount":0,"shouldDisplayMessage":false},{"name":"And I should be taken to the checkout page for further steps in the purchase process","time":{"start":1692688939113,"stop":1692688939113,"duration":0},"status":"skipped","steps":[],"attachments":[],"parameters":[],"stepsCount":0,"hasContent":false,"attachmentsCount":0,"shouldDisplayMessage":false}],"attachments":[],"parameters":[],"stepsCount":12,"hasContent":true,"attachmentsCount":5,"shouldDisplayMessage":false},"afterStages":[],"labels":[{"name":"severity","value":"normal"},{"name":"feature","value":"Verify boAT wireless headphone is added to the cart"},{"name":"framework","value":"behave"},{"name":"language","value":"cpython3"},{"name":"resultFormat","value":"allure2"}],"parameters":[],"links":[],"hidden":true,"retry":true,"extra":{"categories":[],"tags":[]},"source":"b92f77a338936a98.json","parameterValues":[]}